2018-03-26 10:50:21 Notice: Notice (8): Undefined index: Articles in [/var/www/html/Projets_MVC_Blog/vendor/cakephp/bake/src/View/Helper/DocBlockHelper.php, line 238]
Trace:
Cake\Error\BaseErrorHandler::handleError() - CORE/src/Error/BaseErrorHandler.php, line 153
Bake\View\Helper\DocBlockHelper::buildTableAnnotations() - ROOT/vendor/cakephp/bake/src/View/Helper/DocBlockHelper.php, line 238
Twig_Template::getAttribute() - ROOT/vendor/twig/twig/lib/Twig/Template.php, line 679
__TwigTemplate_0218993735f28505768bbea592551ee6a035df06937dbbe4f1e05458d4ef943c::doDisplay() - ROOT/tmp/cache/twigView/12/121af0cb23a010a673edd74f692a77a02958f6e0f5ab196295c15be84d898ddd.php, line 22
Twig_Template::displayWithErrorHandling() - ROOT/vendor/twig/twig/lib/Twig/Template.php, line 432
Twig_Template::display() - ROOT/vendor/twig/twig/lib/Twig/Template.php, line 403
Twig_Template::render() - ROOT/vendor/twig/twig/lib/Twig/Template.php, line 411
WyriHaximus\TwigView\View\TwigView::_render() - ROOT/vendor/wyrihaximus/twig-view/src/View/TwigView.php, line 180
Bake\View\BakeView::render() - ROOT/vendor/cakephp/bake/src/View/BakeView.php, line 146
Bake\Shell\Task\BakeTemplateTask::generate() - ROOT/vendor/cakephp/bake/src/Shell/Task/BakeTemplateTask.php, line 89
Bake\Shell\Task\ModelTask::bakeTable() - ROOT/vendor/cakephp/bake/src/Shell/Task/ModelTask.php, line 956
Bake\Shell\Task\ModelTask::bake() - ROOT/vendor/cakephp/bake/src/Shell/Task/ModelTask.php, line 114
Bake\Shell\Task\ModelTask::main() - ROOT/vendor/cakephp/bake/src/Shell/Task/ModelTask.php, line 100
Cake\Console\Shell::runCommand() - CORE/src/Console/Shell.php, line 507
Cake\Console\Shell::runCommand() - CORE/src/Console/Shell.php, line 500
Cake\Console\CommandRunner::run() - CORE/src/Console/CommandRunner.php, line 141
[main] - ROOT/bin/cake.php, line 12



2018-03-27 15:43:40 Notice: Notice (8): Undefined index: Tags in [/var/www/html/Projets_MVC_Blog/vendor/cakephp/bake/src/View/Helper/DocBlockHelper.php, line 238]
Trace:
Cake\Error\BaseErrorHandler::handleError() - CORE/src/Error/BaseErrorHandler.php, line 153
Bake\View\Helper\DocBlockHelper::buildTableAnnotations() - ROOT/vendor/cakephp/bake/src/View/Helper/DocBlockHelper.php, line 238
Twig_Template::getAttribute() - ROOT/vendor/twig/twig/lib/Twig/Template.php, line 679
__TwigTemplate_0218993735f28505768bbea592551ee6a035df06937dbbe4f1e05458d4ef943c::doDisplay() - ROOT/tmp/cache/twigView/12/121af0cb23a010a673edd74f692a77a02958f6e0f5ab196295c15be84d898ddd.php, line 22
Twig_Template::displayWithErrorHandling() - ROOT/vendor/twig/twig/lib/Twig/Template.php, line 432
Twig_Template::display() - ROOT/vendor/twig/twig/lib/Twig/Template.php, line 403
Twig_Template::render() - ROOT/vendor/twig/twig/lib/Twig/Template.php, line 411
WyriHaximus\TwigView\View\TwigView::_render() - ROOT/vendor/wyrihaximus/twig-view/src/View/TwigView.php, line 180
Bake\View\BakeView::render() - ROOT/vendor/cakephp/bake/src/View/BakeView.php, line 146
Bake\Shell\Task\BakeTemplateTask::generate() - ROOT/vendor/cakephp/bake/src/Shell/Task/BakeTemplateTask.php, line 89
Bake\Shell\Task\ModelTask::bakeTable() - ROOT/vendor/cakephp/bake/src/Shell/Task/ModelTask.php, line 956
Bake\Shell\Task\ModelTask::bake() - ROOT/vendor/cakephp/bake/src/Shell/Task/ModelTask.php, line 114
Bake\Shell\Task\ModelTask::main() - ROOT/vendor/cakephp/bake/src/Shell/Task/ModelTask.php, line 100
Cake\Console\Shell::runCommand() - CORE/src/Console/Shell.php, line 507
Cake\Console\Shell::runCommand() - CORE/src/Console/Shell.php, line 500
Cake\Console\CommandRunner::run() - CORE/src/Console/CommandRunner.php, line 141
[main] - ROOT/bin/cake.php, line 12



2018-03-27 16:06:57 Notice: Notice (8): Undefined index: Commentaires in [/var/www/html/Projets_MVC_Blog/vendor/cakephp/bake/src/View/Helper/DocBlockHelper.php, line 238]
Trace:
Cake\Error\BaseErrorHandler::handleError() - CORE/src/Error/BaseErrorHandler.php, line 153
Bake\View\Helper\DocBlockHelper::buildTableAnnotations() - ROOT/vendor/cakephp/bake/src/View/Helper/DocBlockHelper.php, line 238
Twig_Template::getAttribute() - ROOT/vendor/twig/twig/lib/Twig/Template.php, line 679
__TwigTemplate_0218993735f28505768bbea592551ee6a035df06937dbbe4f1e05458d4ef943c::doDisplay() - ROOT/tmp/cache/twigView/12/121af0cb23a010a673edd74f692a77a02958f6e0f5ab196295c15be84d898ddd.php, line 22
Twig_Template::displayWithErrorHandling() - ROOT/vendor/twig/twig/lib/Twig/Template.php, line 432
Twig_Template::display() - ROOT/vendor/twig/twig/lib/Twig/Template.php, line 403
Twig_Template::render() - ROOT/vendor/twig/twig/lib/Twig/Template.php, line 411
WyriHaximus\TwigView\View\TwigView::_render() - ROOT/vendor/wyrihaximus/twig-view/src/View/TwigView.php, line 180
Bake\View\BakeView::render() - ROOT/vendor/cakephp/bake/src/View/BakeView.php, line 146
Bake\Shell\Task\BakeTemplateTask::generate() - ROOT/vendor/cakephp/bake/src/Shell/Task/BakeTemplateTask.php, line 89
Bake\Shell\Task\ModelTask::bakeTable() - ROOT/vendor/cakephp/bake/src/Shell/Task/ModelTask.php, line 956
Bake\Shell\Task\ModelTask::bake() - ROOT/vendor/cakephp/bake/src/Shell/Task/ModelTask.php, line 114
Bake\Shell\Task\ModelTask::main() - ROOT/vendor/cakephp/bake/src/Shell/Task/ModelTask.php, line 100
Bake\Shell\BakeShell::Bake\Shell\{closure}() - ROOT/vendor/cakephp/bake/src/Shell/BakeShell.php, line 272
Cake\Collection\Collection::each() - CORE/src/Collection/CollectionTrait.php, line 51
Bake\Shell\BakeShell::all() - ROOT/vendor/cakephp/bake/src/Shell/BakeShell.php, line 273
Cake\Console\Shell::runCommand() - CORE/src/Console/Shell.php, line 493
Cake\Console\CommandRunner::run() - CORE/src/Console/CommandRunner.php, line 141
[main] - ROOT/bin/cake.php, line 12



2018-03-27 16:07:07 Notice: Notice (8): Undefined index: Commentaires in [/var/www/html/Projets_MVC_Blog/vendor/cakephp/bake/src/View/Helper/DocBlockHelper.php, line 238]
Trace:
Cake\Error\BaseErrorHandler::handleError() - CORE/src/Error/BaseErrorHandler.php, line 153
Bake\View\Helper\DocBlockHelper::buildTableAnnotations() - ROOT/vendor/cakephp/bake/src/View/Helper/DocBlockHelper.php, line 238
Twig_Template::getAttribute() - ROOT/vendor/twig/twig/lib/Twig/Template.php, line 679
__TwigTemplate_0218993735f28505768bbea592551ee6a035df06937dbbe4f1e05458d4ef943c::doDisplay() - ROOT/tmp/cache/twigView/12/121af0cb23a010a673edd74f692a77a02958f6e0f5ab196295c15be84d898ddd.php, line 22
Twig_Template::displayWithErrorHandling() - ROOT/vendor/twig/twig/lib/Twig/Template.php, line 432
Twig_Template::display() - ROOT/vendor/twig/twig/lib/Twig/Template.php, line 403
Twig_Template::render() - ROOT/vendor/twig/twig/lib/Twig/Template.php, line 411
WyriHaximus\TwigView\View\TwigView::_render() - ROOT/vendor/wyrihaximus/twig-view/src/View/TwigView.php, line 180
Bake\View\BakeView::render() - ROOT/vendor/cakephp/bake/src/View/BakeView.php, line 146
Bake\Shell\Task\BakeTemplateTask::generate() - ROOT/vendor/cakephp/bake/src/Shell/Task/BakeTemplateTask.php, line 89
Bake\Shell\Task\ModelTask::bakeTable() - ROOT/vendor/cakephp/bake/src/Shell/Task/ModelTask.php, line 956
Bake\Shell\Task\ModelTask::bake() - ROOT/vendor/cakephp/bake/src/Shell/Task/ModelTask.php, line 114
Bake\Shell\Task\ModelTask::main() - ROOT/vendor/cakephp/bake/src/Shell/Task/ModelTask.php, line 100
Bake\Shell\BakeShell::Bake\Shell\{closure}() - ROOT/vendor/cakephp/bake/src/Shell/BakeShell.php, line 272
Cake\Collection\Collection::each() - CORE/src/Collection/CollectionTrait.php, line 51
Bake\Shell\BakeShell::all() - ROOT/vendor/cakephp/bake/src/Shell/BakeShell.php, line 273
Cake\Console\Shell::runCommand() - CORE/src/Console/Shell.php, line 493
Cake\Console\CommandRunner::run() - CORE/src/Console/CommandRunner.php, line 141
[main] - ROOT/bin/cake.php, line 12



